<?xml version="1.0" encoding="UTF-8"?>
<testsuite xmlns:xsi="http://www.w3.org/2001/XMLSchema-instance" xsi:noNamespaceSchemaLocation="https://maven.apache.org/surefire/maven-surefire-plugin/xsd/surefire-test-report.xsd" name="praktikum.LoginUserTest" time="34.775" tests="4" errors="0" skipped="0" failures="0">
  <properties>
[...]
</properties>
  <testcase name="LoginOnEnterAccountButton" classname="praktikum.LoginUserTest" time="14.165"/>
  <testcase name="LoginOnClickEnterButtonOnRegistrationPage" classname="praktikum.LoginUserTest" time="6.151"/>
  <testcase name="LoginOnClickPersonalArea" classname="praktikum.LoginUserTest" time="8.324"/>
  <testcase name="LoginOnForgotPasswordPage" classname="praktikum.LoginUserTest" time="5.887"/>
</testsuite>